07-13-2009 21:46 : DTC Install error = 0, Entering DeployDtc, d:\w7rtm\com\complus\dtc\dtc\adme\deployment.cpp (55) 
07-13-2009 21:46 : DTC Install error = 0, InstallContacts, Enter, d:\w7rtm\com\complus\dtc\dtc\adme\deployment.cpp (297) 
07-13-2009 21:46 : DTC Install error = 0, InstallContacts, Exit, d:\w7rtm\com\complus\dtc\dtc\adme\deployment.cpp (376) 
07-13-2009 21:46 : DTC Install error = 0, DeployDtc: Calling SetSddlOnResources, d:\w7rtm\com\complus\dtc\dtc\adme\deployment.cpp (123) 
07-13-2009 21:46 : DTC Install error = 0, DeployDtc: SetSddlOnResources finished, d:\w7rtm\com\complus\dtc\dtc\adme\deployment.cpp (132) 
07-13-2009 21:46 : DTC Install error = 0, Exiting DeployDtc, d:\w7rtm\com\complus\dtc\dtc\adme\deployment.cpp (139) 
07-13-2009 22:13 : DTC Install error = 0, SysPrepDtcCleanup : Enter, d:\w7rtm\com\complus\dtc\dtc\adme\deployment.cpp (1763) 
07-13-2009 22:13 : DTC Install error = 0, SysPrepDtcCleanup : Exit, d:\w7rtm\com\complus\dtc\dtc\adme\deployment.cpp (1814) 
07-13-2009 22:14 : DTC Install error = 0, SysPrepDtcGeneralize : Enter, d:\w7rtm\com\complus\dtc\dtc\adme\deployment.cpp (1820) 
07-13-2009 22:14 : DTC Install error = 0, SysPrepDtcGeneralize : Exit, d:\w7rtm\com\complus\dtc\dtc\adme\deployment.cpp (1891) 
11-20-2010 18:43 : DTC Install error = 0, SysPrepDtcSpecialize : Enter, d:\w7rtm\com\complus\dtc\dtc\adme\deployment.cpp (1897) 
11-20-2010 18:43 : DTC Install error = 0, InstallContacts, Enter, d:\w7rtm\com\complus\dtc\dtc\adme\deployment.cpp (297) 
11-20-2010 18:43 : DTC Install error = 0, InstallContacts, Exit, d:\w7rtm\com\complus\dtc\dtc\adme\deployment.cpp (376) 
11-20-2010 18:43 : DTC Install error = 0, SysPrepDtcSpecialize : Exit, d:\w7rtm\com\complus\dtc\dtc\adme\deployment.cpp (1959) 
11-20-2010 19:57 : DTC Install error = 0, SysPrepDtcCleanup : Enter, d:\w7rtm\com\complus\dtc\dtc\adme\deployment.cpp (1763) 
11-20-2010 19:57 : DTC Install error = 0, SysPrepDtcCleanup : Exit, d:\w7rtm\com\complus\dtc\dtc\adme\deployment.cpp (1814) 
11-20-2010 19:58 : DTC Install error = 0, SysPrepDtcGeneralize : Enter, d:\w7rtm\com\complus\dtc\dtc\adme\deployment.cpp (1820) 
11-20-2010 19:58 : DTC Install error = 0, SysPrepDtcGeneralize : Exit, d:\w7rtm\com\complus\dtc\dtc\adme\deployment.cpp (1891) 
07-30-2020 12:38 : DTC Install error = 0, SysPrepDtcSpecialize : Enter, d:\w7rtm\com\complus\dtc\dtc\adme\deployment.cpp (1897) 
07-30-2020 12:38 : DTC Install error = 0, InstallContacts, Enter, d:\w7rtm\com\complus\dtc\dtc\adme\deployment.cpp (297) 
07-30-2020 12:38 : DTC Install error = 0, InstallContacts, Exit, d:\w7rtm\com\complus\dtc\dtc\adme\deployment.cpp (376) 
07-30-2020 12:38 : DTC Install error = 0, SysPrepDtcSpecialize : Exit, d:\w7rtm\com\complus\dtc\dtc\adme\deployment.cpp (1959) 
